1662413029991	geckodriver	INFO	Listening on 127.0.0.1:53822
1662413030507	mozrunner::runner	INFO	Running command: "/Applications/Firefox.app/Contents/MacOS/firefox-bin" "--marionette" "--remote-debugging-port" "53823" "-foreground" "-no-remote" "-profile" "/var/folders/1l/22wmql894r70q3f_7qkv8nhc0000gn/T/rust_mozprofile4NPmlQ"
1662413030909	Marionette	INFO	Marionette enabled
1662413030930	Marionette	INFO	Listening on port 53831
WebDriver BiDi listening on ws://localhost:53823
1662413031144	RemoteAgent	WARN	TLS certificate errors will be ignored for this session
console.warn: SearchSettings: "get: No settings file exists, new profile?" (new NotFoundError("Could not open the file at /var/folders/1l/22wmql894r70q3f_7qkv8nhc0000gn/T/rust_mozprofile4NPmlQ/search.json.mozlz4", (void 0)))
DevTools listening on ws://localhost:53823/devtools/browser/90becb3b-e702-4e7c-a37b-81f51362f126
1662413044230	Marionette	INFO	Stopped listening on port 53831
1662413072706	geckodriver	INFO	Listening on 127.0.0.1:53922
1662413073215	mozrunner::runner	INFO	Running command: "/Applications/Firefox.app/Contents/MacOS/firefox-bin" "--marionette" "--remote-debugging-port" "53923" "-foreground" "-no-remote" "-profile" "/var/folders/1l/22wmql894r70q3f_7qkv8nhc0000gn/T/rust_mozprofilePxydQw"
1662413073592	Marionette	INFO	Marionette enabled
1662413073615	Marionette	INFO	Listening on port 53930
WebDriver BiDi listening on ws://localhost:53923
1662413073817	RemoteAgent	WARN	TLS certificate errors will be ignored for this session
console.warn: SearchSettings: "get: No settings file exists, new profile?" (new NotFoundError("Could not open the file at /var/folders/1l/22wmql894r70q3f_7qkv8nhc0000gn/T/rust_mozprofilePxydQw/search.json.mozlz4", (void 0)))
DevTools listening on ws://localhost:53923/devtools/browser/f173a552-47b2-49b3-b4cb-ef7573b9e00d
JavaScript error: https://web.whatsapp.com/serviceworker.js, line 1: TypeError: Cache.put: Cache got basic response with bad status 206 while trying to add request https://web.whatsapp.com/sequential-ptt-middle_7fa161964e93db72b8d00ae22189d75f.mp3
JavaScript error: https://web.whatsapp.com/serviceworker.js, line 1: TypeError: Cache.put: Cache got basic response with bad status 206 while trying to add request https://web.whatsapp.com/sequential-ptt-end_62ed28be622237546fd39f9468a76a49.mp3
console.error: (new TypeError("parent is null", "resource://devtools/client/inspector/shared/style-change-tracker.js", 67))
TypeError: parent is null: canMutationImpactCurrentStyles@resource://devtools/client/inspector/shared/style-change-tracker.js:67:24
onMutations@resource://devtools/client/inspector/shared/style-change-tracker.js:84:41
_emit@resource://devtools/shared/event-emitter.js:242:32
emit@resource://devtools/shared/event-emitter.js:186:18
emit@resource://devtools/shared/event-emitter.js:330:18
getMutations@resource://devtools/client/fronts/walker.js:312:10

console.warn: "IGNORED REDUX ACTION:" "AUTOCOMPLETE_CLEAR"
1662413998962	Marionette	INFO	Stopped listening on port 53930
JavaScript error: , line 0: NotFoundError: No such JSWindowActor 'DevToolsFrame'
JavaScript error: , line 0: NotFoundError: No such JSWindowActor 'DevToolsFrame'
1666024800031	geckodriver	INFO	Listening on 127.0.0.1:50187
1666024800541	mozrunner::runner	INFO	Running command: "/Applications/Firefox.app/Contents/MacOS/firefox-bin" "--marionette" "--remote-debugging-port" "50188" "-foreground" "-no-remote" "-profile" "/var/folders/1l/22wmql894r70q3f_7qkv8nhc0000gn/T/rust_mozprofileorASAu"
1666024800893	Marionette	INFO	Marionette enabled
1666024800914	Marionette	INFO	Listening on port 50196
WebDriver BiDi listening on ws://127.0.0.1:50188
1666024801051	RemoteAgent	WARN	TLS certificate errors will be ignored for this session
console.warn: SearchSettings: "get: No settings file exists, new profile?" (new NotFoundError("Could not open the file at /var/folders/1l/22wmql894r70q3f_7qkv8nhc0000gn/T/rust_mozprofileorASAu/search.json.mozlz4", (void 0)))
DevTools listening on ws://127.0.0.1:50188/devtools/browser/f6af30f2-8df2-4adb-87ce-e7d97a6e1d56
JavaScript error: https://web.whatsapp.com/serviceworker.js, line 1: TypeError: Cache.put: Cache got basic response with bad status 206 while trying to add request https://web.whatsapp.com/notification_2a485d84012c106acef03b527bb54635.mp3
JavaScript error: https://web.whatsapp.com/serviceworker.js, line 1: TypeError: Cache.put: Cache got basic response with bad status 206 while trying to add request https://web.whatsapp.com/sequential-ptt-end_62ed28be622237546fd39f9468a76a49.mp3
JavaScript error: https://web.whatsapp.com/serviceworker.js, line 1: TypeError: Cache.put: Cache got basic response with bad status 206 while trying to add request https://web.whatsapp.com/sequential-ptt-middle_7fa161964e93db72b8d00ae22189d75f.mp3
Exiting due to channel error.
Exiting due to channel error.
Exiting due to channel error.
1666025307554	geckodriver	INFO	Listening on 127.0.0.1:50553
1666025308078	mozrunner::runner	INFO	Running command: "/Applications/Firefox.app/Contents/MacOS/firefox-bin" "--marionette" "--remote-debugging-port" "50554" "-foreground" "-no-remote" "-profile" "/var/folders/1l/22wmql894r70q3f_7qkv8nhc0000gn/T/rust_mozprofile7kdpPW"
1666025308425	Marionette	INFO	Marionette enabled
1666025308442	Marionette	INFO	Listening on port 50561
WebDriver BiDi listening on ws://127.0.0.1:50554
1666025308606	RemoteAgent	WARN	TLS certificate errors will be ignored for this session
console.warn: SearchSettings: "get: No settings file exists, new profile?" (new NotFoundError("Could not open the file at /var/folders/1l/22wmql894r70q3f_7qkv8nhc0000gn/T/rust_mozprofile7kdpPW/search.json.mozlz4", (void 0)))
DevTools listening on ws://127.0.0.1:50554/devtools/browser/ab5b2c8d-dcf6-4272-ace8-c607001bfb77
JavaScript error: https://web.whatsapp.com/serviceworker.js, line 1: TypeError: Cache.put: Cache got basic response with bad status 206 while trying to add request https://web.whatsapp.com/notification_2a485d84012c106acef03b527bb54635.mp3
JavaScript error: https://web.whatsapp.com/serviceworker.js, line 1: TypeError: Cache.put: Cache got basic response with bad status 206 while trying to add request https://web.whatsapp.com/sequential-ptt-end_62ed28be622237546fd39f9468a76a49.mp3
JavaScript error: https://web.whatsapp.com/serviceworker.js, line 1: TypeError: Cache.put: Cache got basic response with bad status 206 while trying to add request https://web.whatsapp.com/sequential-ptt-middle_7fa161964e93db72b8d00ae22189d75f.mp3
console.error: (new TypeError("parent is null", "resource://devtools/client/inspector/shared/style-change-tracker.js", 67))
TypeError: parent is null: canMutationImpactCurrentStyles@resource://devtools/client/inspector/shared/style-change-tracker.js:67:24
onMutations@resource://devtools/client/inspector/shared/style-change-tracker.js:84:41
_emit@resource://devtools/shared/event-emitter.js:242:32
emit@resource://devtools/shared/event-emitter.js:186:18
emit@resource://devtools/shared/event-emitter.js:330:18
getMutations@resource://devtools/client/fronts/walker.js:312:10

console.error: (new TypeError("container.node.targetFront is null", "resource://devtools/client/inspector/markup/markup.js", 2352))
console.error: (new TypeError("container.node.targetFront is null", "resource://devtools/client/inspector/markup/markup.js", 2352))
JavaScript error: https://web.whatsapp.com/serviceworker.js, line 1: TypeError: Cache.put: Cache got basic response with bad status 206 while trying to add request https://web.whatsapp.com/notification_2a485d84012c106acef03b527bb54635.mp3
JavaScript error: https://web.whatsapp.com/serviceworker.js, line 1: TypeError: Cache.put: Cache got basic response with bad status 206 while trying to add request https://web.whatsapp.com/sequential-ptt-end_62ed28be622237546fd39f9468a76a49.mp3
JavaScript error: https://web.whatsapp.com/serviceworker.js, line 1: TypeError: Cache.put: Cache got basic response with bad status 206 while trying to add request https://web.whatsapp.com/sequential-ptt-middle_7fa161964e93db72b8d00ae22189d75f.mp3
JavaScript error: https://web.whatsapp.com/serviceworker.js, line 1: TypeError: Cache.put: Cache got basic response with bad status 206 while trying to add request https://web.whatsapp.com/sequential-ptt-middle_7fa161964e93db72b8d00ae22189d75f.mp3
JavaScript error: https://web.whatsapp.com/serviceworker.js, line 1: TypeError: Cache.put: Cache got basic response with bad status 206 while trying to add request https://web.whatsapp.com/sequential-ptt-end_62ed28be622237546fd39f9468a76a49.mp3
console.error: (new TypeError("parent is null", "resource://devtools/client/inspector/shared/style-change-tracker.js", 67))
TypeError: parent is null: canMutationImpactCurrentStyles@resource://devtools/client/inspector/shared/style-change-tracker.js:67:24
onMutations@resource://devtools/client/inspector/shared/style-change-tracker.js:84:41
_emit@resource://devtools/shared/event-emitter.js:242:32
emit@resource://devtools/shared/event-emitter.js:186:18
emit@resource://devtools/shared/event-emitter.js:330:18
getMutations@resource://devtools/client/fronts/walker.js:312:10

console.error: (new TypeError("parent is null", "resource://devtools/client/inspector/shared/style-change-tracker.js", 67))
console.error: "Error while calling actor 'pagestyle's method 'getLayout'" "node is null"
TypeError: parent is null: canMutationImpactCurrentStyles@resource://devtools/client/inspector/shared/style-change-tracker.js:67:24
onMutations@resource://devtools/client/inspector/shared/style-change-tracker.js:84:41
_emit@resource://devtools/shared/event-emitter.js:242:32
emit@resource://devtools/shared/event-emitter.js:186:18
emit@resource://devtools/shared/event-emitter.js:330:18
getMutations@resource://devtools/client/fronts/walker.js:312:10

console.error: (new TypeError("node is null", "resource://devtools/server/actors/page-style.js", 1004))
console.error: (new Error("Protocol error (TypeError): node is null from: server0.conn0.windowGlobal4294967299/pagestyle31 (resource://devtools/server/actors/page-style.js:1004:5)", "resource://devtools/shared/protocol/Front.js", 384))
console.error: "Error while calling actor 'pagestyle's method 'getLayout'" "node is null"
console.error: (new TypeError("parent is null", "resource://devtools/client/inspector/shared/style-change-tracker.js", 67))
console.error: (new TypeError("node is null", "resource://devtools/server/actors/page-style.js", 1004))
TypeError: parent is null: canMutationImpactCurrentStyles@resource://devtools/client/inspector/shared/style-change-tracker.js:67:24
onMutations@resource://devtools/client/inspector/shared/style-change-tracker.js:84:41
_emit@resource://devtools/shared/event-emitter.js:242:32
emit@resource://devtools/shared/event-emitter.js:186:18
emit@resource://devtools/shared/event-emitter.js:330:18
getMutations@resource://devtools/client/fronts/walker.js:312:10

console.error: (new Error("Protocol error (TypeError): node is null from: server0.conn0.windowGlobal4294967299/pagestyle31 (resource://devtools/server/actors/page-style.js:1004:5)", "resource://devtools/shared/protocol/Front.js", 384))
1666033894899	Marionette	WARN	TimedPromise timed out after 500 ms: stacktrace:
TimedPromise/<@chrome://remote/content/marionette/sync.js:236:24
TimedPromise@chrome://remote/content/marionette/sync.js:221:10
interaction.flushEventLoop@chrome://remote/content/marionette/interaction.js:431:10
webdriverClickElement@chrome://remote/content/marionette/interaction.js:179:31
1666033898432	Marionette	WARN	TimedPromise timed out after 500 ms: stacktrace:
TimedPromise/<@chrome://remote/content/marionette/sync.js:236:24
TimedPromise@chrome://remote/content/marionette/sync.js:221:10
interaction.flushEventLoop@chrome://remote/content/marionette/interaction.js:431:10
webdriverClickElement@chrome://remote/content/marionette/interaction.js:179:31
1666033949955	Marionette	WARN	TimedPromise timed out after 500 ms: stacktrace:
TimedPromise/<@chrome://remote/content/marionette/sync.js:236:24
TimedPromise@chrome://remote/content/marionette/sync.js:221:10
interaction.flushEventLoop@chrome://remote/content/marionette/interaction.js:431:10
webdriverClickElement@chrome://remote/content/marionette/interaction.js:179:31
1666033952215	Marionette	WARN	TimedPromise timed out after 500 ms: stacktrace:
TimedPromise/<@chrome://remote/content/marionette/sync.js:236:24
TimedPromise@chrome://remote/content/marionette/sync.js:221:10
interaction.flushEventLoop@chrome://remote/content/marionette/interaction.js:431:10
webdriverClickElement@chrome://remote/content/marionette/interaction.js:179:31
1666033953932	Marionette	WARN	TimedPromise timed out after 500 ms: stacktrace:
TimedPromise/<@chrome://remote/content/marionette/sync.js:236:24
TimedPromise@chrome://remote/content/marionette/sync.js:221:10
interaction.flushEventLoop@chrome://remote/content/marionette/interaction.js:431:10
webdriverClickElement@chrome://remote/content/marionette/interaction.js:179:31
console.error: (new TypeError("parent is null", "resource://devtools/client/inspector/shared/style-change-tracker.js", 67))
TypeError: parent is null: canMutationImpactCurrentStyles@resource://devtools/client/inspector/shared/style-change-tracker.js:67:24
onMutations@resource://devtools/client/inspector/shared/style-change-tracker.js:84:41
_emit@resource://devtools/shared/event-emitter.js:242:32
emit@resource://devtools/shared/event-emitter.js:186:18
emit@resource://devtools/shared/event-emitter.js:330:18
getMutations@resource://devtools/client/fronts/walker.js:312:10

console.error: (new TypeError("container.node.targetFront is null", "resource://devtools/client/inspector/markup/markup.js", 2352))
console.error: (new TypeError("parent is null", "resource://devtools/client/inspector/shared/style-change-tracker.js", 67))
TypeError: parent is null: canMutationImpactCurrentStyles@resource://devtools/client/inspector/shared/style-change-tracker.js:67:24
onMutations@resource://devtools/client/inspector/shared/style-change-tracker.js:84:41
_emit@resource://devtools/shared/event-emitter.js:242:32
emit@resource://devtools/shared/event-emitter.js:186:18
emit@resource://devtools/shared/event-emitter.js:330:18
getMutations@resource://devtools/client/fronts/walker.js:312:10

console.error: (new TypeError("container.node.targetFront is null", "resource://devtools/client/inspector/markup/markup.js", 2352))
console.error: (new TypeError("container.node.targetFront is null", "resource://devtools/client/inspector/markup/markup.js", 2352))
JavaScript error: , line 0: NotFoundError: No such JSWindowActor 'DevToolsFrame'
1666037387646	Marionette	WARN	TimedPromise timed out after 500 ms: stacktrace:
TimedPromise/<@chrome://remote/content/marionette/sync.js:236:24
TimedPromise@chrome://remote/content/marionette/sync.js:221:10
interaction.flushEventLoop@chrome://remote/content/marionette/interaction.js:431:10
webdriverClickElement@chrome://remote/content/marionette/interaction.js:179:31
1666037390390	Marionette	WARN	TimedPromise timed out after 500 ms: stacktrace:
TimedPromise/<@chrome://remote/content/marionette/sync.js:236:24
TimedPromise@chrome://remote/content/marionette/sync.js:221:10
interaction.flushEventLoop@chrome://remote/content/marionette/interaction.js:431:10
webdriverClickElement@chrome://remote/content/marionette/interaction.js:179:31
console.error: (new TypeError("parent is null", "resource://devtools/client/inspector/shared/style-change-tracker.js", 67))
TypeError: parent is null: canMutationImpactCurrentStyles@resource://devtools/client/inspector/shared/style-change-tracker.js:67:24
onMutations@resource://devtools/client/inspector/shared/style-change-tracker.js:84:41
_emit@resource://devtools/shared/event-emitter.js:242:32
emit@resource://devtools/shared/event-emitter.js:186:18
emit@resource://devtools/shared/event-emitter.js:330:18
getMutations@resource://devtools/client/fronts/walker.js:312:10

console.error: (new TypeError("container.node.targetFront is null", "resource://devtools/client/inspector/markup/markup.js", 2352))
console.error: (new TypeError("container.node.targetFront is null", "resource://devtools/client/inspector/markup/markup.js", 2352))
JavaScript error: , line 0: NotFoundError: No such JSWindowActor 'DevToolsFrame'
1666038326584	Marionette	INFO	Stopped listening on port 50561
console.warn: TopSitesFeed: Failed to fetch data from Contile server: NetworkError when attempting to fetch resource.
1666038360641	geckodriver	INFO	Listening on 127.0.0.1:52263
1666038361162	mozrunner::runner	INFO	Running command: "/Applications/Firefox.app/Contents/MacOS/firefox-bin" "--marionette" "--remote-debugging-port" "52264" "-foreground" "-no-remote" "-profile" "/var/folders/1l/22wmql894r70q3f_7qkv8nhc0000gn/T/rust_mozprofileyW6024"
1666038361672	Marionette	INFO	Marionette enabled
1666038361689	Marionette	INFO	Listening on port 52271
WebDriver BiDi listening on ws://127.0.0.1:52264
1666038361866	RemoteAgent	WARN	TLS certificate errors will be ignored for this session
console.warn: SearchSettings: "get: No settings file exists, new profile?" (new NotFoundError("Could not open the file at /var/folders/1l/22wmql894r70q3f_7qkv8nhc0000gn/T/rust_mozprofileyW6024/search.json.mozlz4", (void 0)))
DevTools listening on ws://127.0.0.1:52264/devtools/browser/f5b3d05a-3f49-4cb4-8abc-9f6865fd5616
JavaScript error: https://web.whatsapp.com/serviceworker.js, line 1: TypeError: Cache.put: Cache got basic response with bad status 206 while trying to add request https://web.whatsapp.com/notification_2a485d84012c106acef03b527bb54635.mp3
JavaScript error: https://web.whatsapp.com/serviceworker.js, line 1: TypeError: Cache.put: Cache got basic response with bad status 206 while trying to add request https://web.whatsapp.com/sequential-ptt-middle_7fa161964e93db72b8d00ae22189d75f.mp3
JavaScript error: https://web.whatsapp.com/serviceworker.js, line 1: TypeError: Cache.put: Cache got basic response with bad status 206 while trying to add request https://web.whatsapp.com/sequential-ptt-end_62ed28be622237546fd39f9468a76a49.mp3
1666038716990	Marionette	INFO	Stopped listening on port 52271
1666038826368	geckodriver	INFO	Listening on 127.0.0.1:52728
1666038826888	mozrunner::runner	INFO	Running command: "/Applications/Firefox.app/Contents/MacOS/firefox-bin" "--marionette" "--remote-debugging-port" "52729" "-foreground" "-no-remote" "-profile" "/var/folders/1l/22wmql894r70q3f_7qkv8nhc0000gn/T/rust_mozprofilejYiTRa"
1666038827217	Marionette	INFO	Marionette enabled
1666038827235	Marionette	INFO	Listening on port 52736
WebDriver BiDi listening on ws://127.0.0.1:52729
1666038827384	RemoteAgent	WARN	TLS certificate errors will be ignored for this session
console.warn: SearchSettings: "get: No settings file exists, new profile?" (new NotFoundError("Could not open the file at /var/folders/1l/22wmql894r70q3f_7qkv8nhc0000gn/T/rust_mozprofilejYiTRa/search.json.mozlz4", (void 0)))
DevTools listening on ws://127.0.0.1:52729/devtools/browser/5d58b170-31fc-43e7-a1ed-608667bcc822
JavaScript error: https://web.whatsapp.com/serviceworker.js, line 1: TypeError: Cache.put: Cache got basic response with bad status 206 while trying to add request https://web.whatsapp.com/notification_2a485d84012c106acef03b527bb54635.mp3
JavaScript error: https://web.whatsapp.com/serviceworker.js, line 1: TypeError: Cache.put: Cache got basic response with bad status 206 while trying to add request https://web.whatsapp.com/sequential-ptt-middle_7fa161964e93db72b8d00ae22189d75f.mp3
JavaScript error: https://web.whatsapp.com/serviceworker.js, line 1: TypeError: Cache.put: Cache got basic response with bad status 206 while trying to add request https://web.whatsapp.com/sequential-ptt-end_62ed28be622237546fd39f9468a76a49.mp3
Exiting due to channel error.
Exiting due to channel error.
Exiting due to channel error.
1666039057313	geckodriver	INFO	Listening on 127.0.0.1:53261
1666039057830	mozrunner::runner	INFO	Running command: "/Applications/Firefox.app/Contents/MacOS/firefox-bin" "--marionette" "--remote-debugging-port" "53262" "-foreground" "-no-remote" "-profile" "/var/folders/1l/22wmql894r70q3f_7qkv8nhc0000gn/T/rust_mozprofileBcwJgM"
1666039058165	Marionette	INFO	Marionette enabled
1666039058182	Marionette	INFO	Listening on port 53267
WebDriver BiDi listening on ws://127.0.0.1:53262
1666039058326	RemoteAgent	WARN	TLS certificate errors will be ignored for this session
console.warn: SearchSettings: "get: No settings file exists, new profile?" (new NotFoundError("Could not open the file at /var/folders/1l/22wmql894r70q3f_7qkv8nhc0000gn/T/rust_mozprofileBcwJgM/search.json.mozlz4", (void 0)))
DevTools listening on ws://127.0.0.1:53262/devtools/browser/9f571407-c72c-4c42-bc1b-80054f771332
JavaScript error: https://web.whatsapp.com/serviceworker.js, line 1: TypeError: Cache.put: Cache got basic response with bad status 206 while trying to add request https://web.whatsapp.com/notification_2a485d84012c106acef03b527bb54635.mp3
JavaScript error: https://web.whatsapp.com/serviceworker.js, line 1: TypeError: Cache.put: Cache got basic response with bad status 206 while trying to add request https://web.whatsapp.com/sequential-ptt-middle_7fa161964e93db72b8d00ae22189d75f.mp3
JavaScript error: https://web.whatsapp.com/serviceworker.js, line 1: TypeError: Cache.put: Cache got basic response with bad status 206 while trying to add request https://web.whatsapp.com/sequential-ptt-end_62ed28be622237546fd39f9468a76a49.mp3
Exiting due to channel error.
Exiting due to channel error.
Exiting due to channel error.
1666039131022	geckodriver	INFO	Listening on 127.0.0.1:53799
1666039131535	mozrunner::runner	INFO	Running command: "/Applications/Firefox.app/Contents/MacOS/firefox-bin" "--marionette" "--remote-debugging-port" "53800" "-foreground" "-no-remote" "-profile" "/var/folders/1l/22wmql894r70q3f_7qkv8nhc0000gn/T/rust_mozprofilegs5G2Z"
1666039131870	Marionette	INFO	Marionette enabled
1666039131888	Marionette	INFO	Listening on port 53805
WebDriver BiDi listening on ws://127.0.0.1:53800
1666039132023	RemoteAgent	WARN	TLS certificate errors will be ignored for this session
console.warn: SearchSettings: "get: No settings file exists, new profile?" (new NotFoundError("Could not open the file at /var/folders/1l/22wmql894r70q3f_7qkv8nhc0000gn/T/rust_mozprofilegs5G2Z/search.json.mozlz4", (void 0)))
DevTools listening on ws://127.0.0.1:53800/devtools/browser/8a9b388f-e10d-47b1-bf9c-b80574a252d9
JavaScript error: https://web.whatsapp.com/serviceworker.js, line 1: TypeError: Cache.put: Cache got basic response with bad status 206 while trying to add request https://web.whatsapp.com/notification_2a485d84012c106acef03b527bb54635.mp3
JavaScript error: https://web.whatsapp.com/serviceworker.js, line 1: TypeError: Cache.put: Cache got basic response with bad status 206 while trying to add request https://web.whatsapp.com/sequential-ptt-middle_7fa161964e93db72b8d00ae22189d75f.mp3
JavaScript error: https://web.whatsapp.com/serviceworker.js, line 1: TypeError: Cache.put: Cache got basic response with bad status 206 while trying to add request https://web.whatsapp.com/sequential-ptt-end_62ed28be622237546fd39f9468a76a49.mp3
console.error: "Error while calling actor 'pagestyle's method 'getLayout'" "node is null"
console.error: (new TypeError("node is null", "resource://devtools/server/actors/page-style.js", 1004))
console.error: (new TypeError("parent is null", "resource://devtools/client/inspector/shared/style-change-tracker.js", 67))
TypeError: parent is null: canMutationImpactCurrentStyles@resource://devtools/client/inspector/shared/style-change-tracker.js:67:24
onMutations@resource://devtools/client/inspector/shared/style-change-tracker.js:84:41
_emit@resource://devtools/shared/event-emitter.js:242:32
emit@resource://devtools/shared/event-emitter.js:186:18
emit@resource://devtools/shared/event-emitter.js:330:18
getMutations@resource://devtools/client/fronts/walker.js:312:10

console.error: "Error while calling actor 'pagestyle's method 'getApplied'" "node is null"
console.error: (new TypeError("node is null", "resource://devtools/server/actors/page-style.js", 569))
console.error: (new Error("Protocol error (TypeError): node is null from: server0.conn0.windowGlobal4294967298/pagestyle22 (resource://devtools/server/actors/page-style.js:1004:5)", "resource://devtools/shared/protocol/Front.js", 384))
console.error: "Error while calling actor 'pagestyle's method 'getLayout'" "node is null"
console.error: (new TypeError("node is null", "resource://devtools/server/actors/page-style.js", 1004))
console.error: (new TypeError("parent is null", "resource://devtools/client/inspector/shared/style-change-tracker.js", 67))
TypeError: parent is null: canMutationImpactCurrentStyles@resource://devtools/client/inspector/shared/style-change-tracker.js:67:24
onMutations@resource://devtools/client/inspector/shared/style-change-tracker.js:84:41
_emit@resource://devtools/shared/event-emitter.js:242:32
emit@resource://devtools/shared/event-emitter.js:186:18
emit@resource://devtools/shared/event-emitter.js:330:18
getMutations@resource://devtools/client/fronts/walker.js:312:10

console.error: (new TypeError("container.node.targetFront is null", "resource://devtools/client/inspector/markup/markup.js", 2352))
console.error: (new Error("Protocol error (TypeError): node is null from: server0.conn0.windowGlobal4294967298/pagestyle22 (resource://devtools/server/actors/page-style.js:1004:5)", "resource://devtools/shared/protocol/Front.js", 384))
JavaScript error: , line 0: NotFoundError: No such JSWindowActor 'DevToolsFrame'
console.error: (new TypeError("parent is null", "resource://devtools/client/inspector/shared/style-change-tracker.js", 67))
TypeError: parent is null: canMutationImpactCurrentStyles@resource://devtools/client/inspector/shared/style-change-tracker.js:67:24
onMutations@resource://devtools/client/inspector/shared/style-change-tracker.js:84:41
_emit@resource://devtools/shared/event-emitter.js:242:32
emit@resource://devtools/shared/event-emitter.js:186:18
emit@resource://devtools/shared/event-emitter.js:330:18
getMutations@resource://devtools/client/fronts/walker.js:312:10

console.error: "Error while calling actor 'pagestyle's method 'getApplied'" "node is null"
console.error: (new TypeError("node is null", "resource://devtools/server/actors/page-style.js", 569))
console.error: (new TypeError("parent is null", "resource://devtools/client/inspector/shared/style-change-tracker.js", 67))
TypeError: parent is null: canMutationImpactCurrentStyles@resource://devtools/client/inspector/shared/style-change-tracker.js:67:24
onMutations@resource://devtools/client/inspector/shared/style-change-tracker.js:84:41
_emit@resource://devtools/shared/event-emitter.js:242:32
emit@resource://devtools/shared/event-emitter.js:186:18
emit@resource://devtools/shared/event-emitter.js:330:18
getMutations@resource://devtools/client/fronts/walker.js:312:10

console.error: (new TypeError("container.node.targetFront is null", "resource://devtools/client/inspector/markup/markup.js", 2352))
console.error: "Exception while getting unique selector" (new Error("Connection closed, pending request to server0.conn0.windowGlobal4294967298/domnode101, type getUniqueSelector failed\n\nRequest stack:\nrequest@resource://devtools/shared/protocol/Front.js:301:14\ngenerateRequestMethods/</frontProto[name]@resource://devtools/shared/protocol/Front/FrontClassWithSpec.js:49:19\n_create/<@resource://devtools/client/inspector/rules/views/rule-editor.js:208:72\n_create@resource://devtools/client/inspector/rules/views/rule-editor.js:221:20\nRuleEditor@resource://devtools/client/inspector/rules/views/rule-editor.js:80:8\n_createEditors@resource://devtools/client/inspector/rules/rules.js:1341:23\n_populate/<@resource://devtools/client/inspector/rules/rules.js:1126:37\n", "resource://devtools/shared/protocol/Front.js", 107))
console.error: (new Error("Protocol error (TypeError): node is null from: server0.conn0.windowGlobal4294967298/pagestyle22 (resource://devtools/server/actors/page-style.js:569:5)", "resource://devtools/shared/protocol/Front.js", 384))
Exiting due to channel error.
Exiting due to channel error.
Exiting due to channel error.
1666039643481	geckodriver	INFO	Listening on 127.0.0.1:54370
1666039644000	mozrunner::runner	INFO	Running command: "/Applications/Firefox.app/Contents/MacOS/firefox-bin" "--marionette" "--remote-debugging-port" "54371" "-foreground" "-no-remote" "-profile" "/var/folders/1l/22wmql894r70q3f_7qkv8nhc0000gn/T/rust_mozprofileQMKOlr"
1666039644381	Marionette	INFO	Marionette enabled
1666039644397	Marionette	INFO	Listening on port 54376
WebDriver BiDi listening on ws://127.0.0.1:54371
1666039644562	RemoteAgent	WARN	TLS certificate errors will be ignored for this session
console.warn: SearchSettings: "get: No settings file exists, new profile?" (new NotFoundError("Could not open the file at /var/folders/1l/22wmql894r70q3f_7qkv8nhc0000gn/T/rust_mozprofileQMKOlr/search.json.mozlz4", (void 0)))
DevTools listening on ws://127.0.0.1:54371/devtools/browser/9dcd3a7c-5bcf-4de2-bbe1-a9ca4915fc38
JavaScript error: https://web.whatsapp.com/serviceworker.js, line 1: TypeError: Cache.put: Cache got basic response with bad status 206 while trying to add request https://web.whatsapp.com/notification_2a485d84012c106acef03b527bb54635.mp3
JavaScript error: https://web.whatsapp.com/serviceworker.js, line 1: TypeError: Cache.put: Cache got basic response with bad status 206 while trying to add request https://web.whatsapp.com/sequential-ptt-middle_7fa161964e93db72b8d00ae22189d75f.mp3
JavaScript error: https://web.whatsapp.com/serviceworker.js, line 1: TypeError: Cache.put: Cache got basic response with bad status 206 while trying to add request https://web.whatsapp.com/sequential-ptt-end_62ed28be622237546fd39f9468a76a49.mp3
[GFX1-]: Receive IPC close with reason=AbnormalShutdown
Exiting due to channel error.
Exiting due to channel error.
Exiting due to channel error.
1666039979924	geckodriver	INFO	Listening on 127.0.0.1:54904
1666039980432	mozrunner::runner	INFO	Running command: "/Applications/Firefox.app/Contents/MacOS/firefox-bin" "--marionette" "--remote-debugging-port" "54905" "-foreground" "-no-remote" "-profile" "/var/folders/1l/22wmql894r70q3f_7qkv8nhc0000gn/T/rust_mozprofilemy1lNs"
1666039980803	Marionette	INFO	Marionette enabled
1666039980822	Marionette	INFO	Listening on port 54910
WebDriver BiDi listening on ws://127.0.0.1:54905
1666039980960	RemoteAgent	WARN	TLS certificate errors will be ignored for this session
console.warn: SearchSettings: "get: No settings file exists, new profile?" (new NotFoundError("Could not open the file at /var/folders/1l/22wmql894r70q3f_7qkv8nhc0000gn/T/rust_mozprofilemy1lNs/search.json.mozlz4", (void 0)))
DevTools listening on ws://127.0.0.1:54905/devtools/browser/17adb08b-cadb-446d-b089-7e0630e1708e
JavaScript error: https://web.whatsapp.com/serviceworker.js, line 1: TypeError: Cache.put: Cache got basic response with bad status 206 while trying to add request https://web.whatsapp.com/notification_2a485d84012c106acef03b527bb54635.mp3
JavaScript error: https://web.whatsapp.com/serviceworker.js, line 1: TypeError: Cache.put: Cache got basic response with bad status 206 while trying to add request https://web.whatsapp.com/sequential-ptt-end_62ed28be622237546fd39f9468a76a49.mp3
JavaScript error: https://web.whatsapp.com/serviceworker.js, line 1: TypeError: Cache.put: Cache got basic response with bad status 206 while trying to add request https://web.whatsapp.com/sequential-ptt-middle_7fa161964e93db72b8d00ae22189d75f.mp3
1666042148586	Marionette	INFO	Stopped listening on port 54910
JavaScript error: resource://gre/modules/Sqlite.jsm, line 1108: Error: Sqlite.jsm has been shutdown. Cannot open connection to: /var/folders/1l/22wmql894r70q3f_7qkv8nhc0000gn/T/rust_mozprofilemy1lNs/protections.sqlite
